\BOOKMARK [1][]{section.1}{1 Introduction}{}% 1
\BOOKMARK [1][]{section.2}{2 How to Randomly Generate Passwords?}{}% 2
\BOOKMARK [2][]{subsection.2.1}{2.1 Random Characters}{section.2}% 3
\BOOKMARK [2][]{subsection.2.2}{2.2 Random Words}{section.2}% 4
\BOOKMARK [2][]{subsection.2.3}{2.3 Random Syllables}{section.2}% 5
\BOOKMARK [1][]{section.3}{3 Driving Nonuniform Choice using Bit Sources}{}% 6
\BOOKMARK [2][]{subsection.3.1}{3.1 Another Way}{section.3}% 7
\BOOKMARK [2][]{subsection.3.2}{3.2 Using Bits to Drive a Model}{section.3}% 8
\BOOKMARK [1][]{section.4}{4 Markov Models}{}% 9
\BOOKMARK [1][]{section.5}{5 Huffman Trees}{}% 10
\BOOKMARK [2][]{subsection.5.1}{5.1 Running Out of Bits}{section.5}% 11
\BOOKMARK [2][]{subsection.5.2}{5.2 The Forbidden state}{section.5}% 12
\BOOKMARK [2][]{subsection.5.3}{5.3 Choosing a Markov Model}{section.5}% 13
\BOOKMARK [1][]{section.6}{6 Examples}{}% 14
\BOOKMARK [1][]{section.7}{7 Choice of Corpus}{}% 15
\BOOKMARK [1][]{section.8}{8 Evaluation}{}% 16
\BOOKMARK [2][]{subsection.8.1}{8.1 Subjects and Procedure}{section.8}% 17
\BOOKMARK [2][]{subsection.8.2}{8.2 Pre-Registration}{section.8}% 18
\BOOKMARK [2][]{subsection.8.3}{8.3 Analysis}{section.8}% 19
\BOOKMARK [3][]{subsubsection.8.3.1}{8.3.1 Not Really, No}{subsection.8.3}% 20
\BOOKMARK [3][]{subsubsection.8.3.2}{8.3.2 Retention}{subsection.8.3}% 21
\BOOKMARK [2][]{subsection.8.4}{8.4 Data Mining}{section.8}% 22
\BOOKMARK [2][]{subsection.8.5}{8.5 Threats to Validity}{section.8}% 23
\BOOKMARK [2][]{subsection.8.6}{8.6 Cheating}{section.8}% 24
\BOOKMARK [1][]{section.9}{9 Reproducibility}{}% 25
\BOOKMARK [1][]{section.10}{10 Related Work}{}% 26
\BOOKMARK [1][]{section.11}{11 Future Work}{}% 27
\BOOKMARK [1][]{section.12}{12 Acknowledgments}{}% 28
\BOOKMARK [1][]{section*.2}{Bibliography}{}% 29
